<?xml version="1.0" encoding="UTF-8"?>
<!-- Generated by org.testng.reporters.JUnitXMLReporter -->
<testsuite ignored="0" hostname="LAPTOP-S5C2NEHP" failures="0" tests="6" name="Test" time="0.088" errors="0" timestamp="2021-03-07T20:05:54 IST">
  <testcase classname="qaclickacademy.Mavenjava.AppiumTest" name="Androidapps" time="0.009"/>
  <testcase classname="qaclickacademy.Mavenjava.AppiumTest" name="IOSapps" time="0.001"/>
  <testcase classname="qaclickacademy.Mavenjava.APITest" name="deleteTwitter" time="0.002"/>
  <testcase classname="qaclickacademy.Mavenjava.APITest" name="postJira" time="0.002"/>
  <testcase classname="qaclickacademy.Mavenjava.SeleniumTest" name="BrowserAutomation" time="0.002"/>
  <testcase classname="qaclickacademy.Mavenjava.SeleniumTest" name="elementsUi" time="0.002"/>
</testsuite> <!-- Test -->
