<?xml version="1.0" encoding="UTF-8"?>
<!-- Generated by org.testng.reporters.JUnitXMLReporter -->
<testsuite hostname="LAPTOP-S5C2NEHP" ignored="0" name="Test" tests="4" failures="0" timestamp="07 Mar 2021 15:00:30 GMT" time="0.052" errors="0">
  <testcase name="deleteTwitter" time="0.011" classname="qaclickacademy.Mavenjava.APITest"/>
  <testcase name="postJira" time="0.0" classname="qaclickacademy.Mavenjava.APITest"/>
  <testcase name="BrowserAutomation" time="0.001" classname="qaclickacademy.Mavenjava.SeleniumTest"/>
  <testcase name="elementsUi" time="0.0" classname="qaclickacademy.Mavenjava.SeleniumTest"/>
</testsuite> <!-- Test -->
