<?xml version="1.0" encoding="UTF-8"?>
<testng-results ignored="0" total="6" passed="6" failed="0" skipped="0">
  <reporter-output>
  </reporter-output>
  <suite started-at="2021-03-07T20:05:54 IST" name="Suite" finished-at="2021-03-07T20:05:54 IST" duration-ms="88">
    <groups>
    </groups>
    <test started-at="2021-03-07T20:05:54 IST" name="Test" finished-at="2021-03-07T20:05:54 IST" duration-ms="88">
      <class name="qaclickacademy.Mavenjava.AppiumTest">
        <test-method signature="Androidapps()[pri:0, instance:qaclickacademy.Mavenjava.AppiumTest@696da30b]" started-at="2021-03-07T20:05:54 IST" name="Androidapps" finished-at="2021-03-07T20:05:54 IST" duration-ms="9" status="PASS">
          <reporter-output>
          </reporter-output>
        </test-method> <!-- Androidapps -->
        <test-method signature="IOSapps()[pri:0, instance:qaclickacademy.Mavenjava.AppiumTest@696da30b]" started-at="2021-03-07T20:05:54 IST" name="IOSapps" finished-at="2021-03-07T20:05:54 IST" duration-ms="1" status="PASS">
          <reporter-output>
          </reporter-output>
        </test-method> <!-- IOSapps -->
      </class> <!-- qaclickacademy.Mavenjava.AppiumTest -->
      <class name="qaclickacademy.Mavenjava.APITest">
        <test-method signature="deleteTwitter()[pri:0, instance:qaclickacademy.Mavenjava.APITest@4e7912d8]" started-at="2021-03-07T20:05:54 IST" name="deleteTwitter" finished-at="2021-03-07T20:05:54 IST" duration-ms="2" status="PASS">
          <reporter-output>
          </reporter-output>
        </test-method> <!-- deleteTwitter -->
        <test-method signature="postJira()[pri:0, instance:qaclickacademy.Mavenjava.APITest@4e7912d8]" started-at="2021-03-07T20:05:54 IST" name="postJira" finished-at="2021-03-07T20:05:54 IST" duration-ms="2" status="PASS">
          <reporter-output>
          </reporter-output>
        </test-method> <!-- postJira -->
      </class> <!-- qaclickacademy.Mavenjava.APITest -->
      <class name="qaclickacademy.Mavenjava.SeleniumTest">
        <test-method signature="BrowserAutomation()[pri:0, instance:qaclickacademy.Mavenjava.SeleniumTest@53976f5c]" started-at="2021-03-07T20:05:54 IST" name="BrowserAutomation" finished-at="2021-03-07T20:05:54 IST" duration-ms="2" status="PASS">
          <reporter-output>
          </reporter-output>
        </test-method> <!-- BrowserAutomation -->
        <test-method signature="elementsUi()[pri:0, instance:qaclickacademy.Mavenjava.SeleniumTest@53976f5c]" started-at="2021-03-07T20:05:54 IST" name="elementsUi" finished-at="2021-03-07T20:05:54 IST" duration-ms="2" status="PASS">
          <reporter-output>
          </reporter-output>
        </test-method> <!-- elementsUi -->
      </class> <!-- qaclickacademy.Mavenjava.SeleniumTest -->
    </test> <!-- Test -->
  </suite> <!-- Suite -->
</testng-results>
